This is pdfTeX, Version 3.141592653-2.6-1.40.27 (MiKTeX 25.3) (preloaded format=pdflatex 2025.4.11)  12 APR 2025 01:51
entering extended mode
 restricted \write18 enabled.
 %&-line parsing enabled.
**./latex_output/direct_peer_review.tex
(latex_output/direct_peer_review.tex
LaTeX2e <2024-11-01> patch level 2
L3 programming layer <2025-01-18>
(C:\Users\jliet\AppData\Local\Programs\MiKTeX\tex/latex/base\article.cls
Document Class: article 2024/06/29 v1.4n Standard LaTeX document class
(C:\Users\jliet\AppData\Local\Programs\MiKTeX\tex/latex/base\size10.clo
File: size10.clo 2024/06/29 v1.4n Standard LaTeX file (size option)
)
\c@part=\count196
\c@section=\count197
\c@subsection=\count198
\c@subsubsection=\count199
\c@paragraph=\count266
\c@subparagraph=\count267
\c@figure=\count268
\c@table=\count269
\abovecaptionskip=\skip49
\belowcaptionskip=\skip50
\bibindent=\dimen141
)
(C:\Users\jliet\AppData\Local\Programs\MiKTeX\tex/latex/base\inputenc.sty
Package: inputenc 2024/02/08 v1.3d Input encoding file
\inpenc@prehook=\toks17
\inpenc@posthook=\toks18
)
(C:\Users\jliet\AppData\Local\Programs\MiKTeX\tex/latex/l3backend\l3backend-pdf
tex.def
File: l3backend-pdftex.def 2024-05-08 L3 backend support: PDF output (pdfTeX)
\l__color_backend_stack_int=\count270
\l__pdf_internal_box=\box52
) (C:\git\critique_council\latex_output\direct_peer_review.aux)
\openout1 = `direct_peer_review.aux'.

LaTeX Font Info:    Checking defaults for OML/cmm/m/it on input line 11.
LaTeX Font Info:    ... okay on input line 11.
LaTeX Font Info:    Checking defaults for OMS/cmsy/m/n on input line 11.
LaTeX Font Info:    ... okay on input line 11.
LaTeX Font Info:    Checking defaults for OT1/cmr/m/n on input line 11.
LaTeX Font Info:    ... okay on input line 11.
LaTeX Font Info:    Checking defaults for T1/cmr/m/n on input line 11.
LaTeX Font Info:    ... okay on input line 11.
LaTeX Font Info:    Checking defaults for TS1/cmr/m/n on input line 11.
LaTeX Font Info:    ... okay on input line 11.
LaTeX Font Info:    Checking defaults for OMX/cmex/m/n on input line 11.
LaTeX Font Info:    ... okay on input line 11.
LaTeX Font Info:    Checking defaults for U/cmr/m/n on input line 11.
LaTeX Font Info:    ... okay on input line 11.
LaTeX Font Info:    External font `cmex10' loaded for size
(Font)              <12> on input line 14.
LaTeX Font Info:    External font `cmex10' loaded for size
(Font)              <8> on input line 14.
LaTeX Font Info:    External font `cmex10' loaded for size
(Font)              <6> on input line 14.


[1

{C:/Users/jliet/AppData/Local/MiKTeX/fonts/map/pdftex/pdftex.map}]

! LaTeX Error: Unicode character   (U+2003)
               not set up for use with LaTeX.

See the LaTeX manual or LaTeX Companion for explanation.
Type  H <return>  for immediate help.
 ...                                              
                                                  
l.43  
        The definition and implementation of the M2 metric (Persistent B0 Co...

You may provide a definition with
\DeclareUnicodeCharacter 


! LaTeX Error: Unicode character   (U+2003)
               not set up for use with LaTeX.

See the LaTeX manual or LaTeX Companion for explanation.
Type  H <return>  for immediate help.
 ...                                              
                                                  
l.46  
        The empirical validation is based solely on 10 synthetic snapshots, ...

You may provide a definition with
\DeclareUnicodeCharacter 


! LaTeX Error: Unicode character   (U+2003)
               not set up for use with LaTeX.

See the LaTeX manual or LaTeX Companion for explanation.
Type  H <return>  for immediate help.
 ...                                              
                                                  
l.49  
        The current algorithm utilizes full persistent homology computations...

You may provide a definition with
\DeclareUnicodeCharacter 


! LaTeX Error: Unicode character   (U+2003)
               not set up for use with LaTeX.

See the LaTeX manual or LaTeX Companion for explanation.
Type  H <return>  for immediate help.
 ...                                              
                                                  
l.52  
        The manuscript presumes that the underlying knowledge graph is suffi...

You may provide a definition with
\DeclareUnicodeCharacter 



[2]

! LaTeX Error: Unicode character   (U+2003)
               not set up for use with LaTeX.

See the LaTeX manual or LaTeX Companion for explanation.
Type  H <return>  for immediate help.
 ...                                              
                                                  
l.55  
        There is a notable gap in formally establishing the causal relations...

You may provide a definition with
\DeclareUnicodeCharacter 


Overfull \hbox (11.85011pt too wide) in paragraph at lines 57--57
[]\OT1/cmr/bx/n/12 Reproducibility and Miss-ing Sup-port-ing Ma-te-ri-als (Var-

 []


! LaTeX Error: Unicode character   (U+2003)
               not set up for use with LaTeX.

See the LaTeX manual or LaTeX Companion for explanation.
Type  H <return>  for immediate help.
 ...                                              
                                                  
l.58  
        Several referenced files (e.g., run\_analysis.py, missing snapshots)...

You may provide a definition with
\DeclareUnicodeCharacter 


! LaTeX Error: Unicode character   (U+2003)
               not set up for use with LaTeX.

See the LaTeX manual or LaTeX Companion for explanation.
Type  H <return>  for immediate help.
 ...                                              
                                                  
l.64  
        Some notations (e.g., PD0, PD1) are introduced without sufficient ex...

You may provide a definition with
\DeclareUnicodeCharacter 


! LaTeX Error: Unicode character   (U+2003)
               not set up for use with LaTeX.

See the LaTeX manual or LaTeX Companion for explanation.
Type  H <return>  for immediate help.
 ...                                              
                                                  
l.67  
        The Python code sections exhibit inconsistent formatting. Ensuring u...

You may provide a definition with
\DeclareUnicodeCharacter 


! LaTeX Error: Unicode character   (U+2003)
               not set up for use with LaTeX.

See the LaTeX manual or LaTeX Companion for explanation.
Type  H <return>  for immediate help.
 ...                                              
                                                  
l.70  
        Minor grammatical inconsistencies and verbosity in explanatory secti...

You may provide a definition with
\DeclareUnicodeCharacter 


! LaTeX Error: Unicode character   (U+2003)
               not set up for use with LaTeX.

See the LaTeX manual or LaTeX Companion for explanation.
Type  H <return>  for immediate help.
 ...                                              
                                                  
l.73  
        Explicitly list and justify the selection of key parameters (e.g., w...

You may provide a definition with
\DeclareUnicodeCharacter 


! LaTeX Error: Unicode character   (U+2003)
               not set up for use with LaTeX.

See the LaTeX manual or LaTeX Companion for explanation.
Type  H <return>  for immediate help.
 ...                                              
                                                  
l.76  
        Several in-text citations and file references are incomplete or ambi...

You may provide a definition with
\DeclareUnicodeCharacter 



[3]

[4]
Overfull \hbox (0.10257pt too wide) in paragraph at lines 90--92
[]\OT1/cmr/m/n/10 d. Op-ti-miza-tion & Suf-fi-ciency Anal-y-sis The pro-posed c
om-pu-ta-tional pipeline
 []



[5]
LaTeX Font Info:    External font `cmex10' loaded for size
(Font)              <7> on input line 94.
LaTeX Font Info:    External font `cmex10' loaded for size
(Font)              <5> on input line 94.


[6]

[7]

[8] (C:\git\critique_council\latex_output\direct_peer_review.aux)
 ***********
LaTeX2e <2024-11-01> patch level 2
L3 programming layer <2025-01-18>
 ***********
 ) 
Here is how much of TeX's memory you used:
 504 strings out of 473523
 9978 string characters out of 5714630
 407974 words of memory out of 5000000
 23798 multiletter control sequences out of 15000+600000
 563119 words of font info for 50 fonts, out of 8000000 for 9000
 1141 hyphenation exceptions out of 8191
 35i,6n,50p,2301b,197s stack positions out of 10000i,1000n,20000p,200000b,200000s
 <C:\Users\jliet\AppData\Local\MiKTeX\fonts/pk/ljfour/jknappen/ec/dpi600\tcrm
1000.pk><C:/Users/jliet/AppData/Local/Programs/MiKTeX/fonts/type1/public/amsfon
ts/cm/cmbx12.pfb><C:/Users/jliet/AppData/Local/Programs/MiKTeX/fonts/type1/publ
ic/amsfonts/cm/cmr10.pfb><C:/Users/jliet/AppData/Local/Programs/MiKTeX/fonts/ty
pe1/public/amsfonts/cm/cmr12.pfb><C:/Users/jliet/AppData/Local/Programs/MiKTeX/
fonts/type1/public/amsfonts/cm/cmr17.pfb><C:/Users/jliet/AppData/Local/Programs
/MiKTeX/fonts/type1/public/amsfonts/cm/cmsy10.pfb>
Output written on C:\git\critique_council\latex_output\direct_peer_review.pdf (
8 pages, 101452 bytes).
PDF statistics:
 60 PDF objects out of 1000 (max. 8388607)
 0 named destinations out of 1000 (max. 500000)
 1 words of extra memory for PDF output out of 10000 (max. 10000000)

